<?xml version="1.0" encoding="UTF-8"?>
<!-- Generated by org.testng.reporters.JUnitXMLReporter -->
<testsuite hostname="senuri-ThinkPad-T530" ignored="0" name="Siddhi-io-report-tests" tests="15" failures="0" timestamp="05 Nov 2018 05:02:34 GMT" time="7.692" errors="0">
  <testcase name="reportSinkTest1" time="4.772" classname="org.wso2.extension.siddhi.io.report.sink.TestCaseOfReportSink"/>
  <testcase name="reportSinkTest10" time="0.959" classname="org.wso2.extension.siddhi.io.report.sink.TestCaseOfReportSink"/>
  <testcase name="reportSinkTest11" time="0.342" classname="org.wso2.extension.siddhi.io.report.sink.TestCaseOfReportSink"/>
  <testcase name="reportSinkTest12" time="0.222" classname="org.wso2.extension.siddhi.io.report.sink.TestCaseOfReportSink"/>
  <testcase name="reportSinkTest13" time="0.019" classname="org.wso2.extension.siddhi.io.report.sink.TestCaseOfReportSink"/>
  <testcase name="reportSinkTest14" time="0.224" classname="org.wso2.extension.siddhi.io.report.sink.TestCaseOfReportSink"/>
  <testcase name="reportSinkTest15" time="0.411" classname="org.wso2.extension.siddhi.io.report.sink.TestCaseOfReportSink"/>
  <testcase name="reportSinkTest2" time="0.186" classname="org.wso2.extension.siddhi.io.report.sink.TestCaseOfReportSink"/>
  <testcase name="reportSinkTest3" time="0.207" classname="org.wso2.extension.siddhi.io.report.sink.TestCaseOfReportSink"/>
  <testcase name="reportSinkTest4" time="0.012" classname="org.wso2.extension.siddhi.io.report.sink.TestCaseOfReportSink"/>
  <testcase name="reportSinkTest5" time="0.211" classname="org.wso2.extension.siddhi.io.report.sink.TestCaseOfReportSink"/>
  <testcase name="reportSinkTest6" time="0.014" classname="org.wso2.extension.siddhi.io.report.sink.TestCaseOfReportSink"/>
  <testcase name="reportSinkTest7" time="0.016" classname="org.wso2.extension.siddhi.io.report.sink.TestCaseOfReportSink"/>
  <testcase name="reportSinkTest8" time="0.012" classname="org.wso2.extension.siddhi.io.report.sink.TestCaseOfReportSink"/>
  <testcase name="reportSinkTest9" time="0.024" classname="org.wso2.extension.siddhi.io.report.sink.TestCaseOfReportSink"/>
</testsuite> <!-- Siddhi-io-report-tests -->
