<?xml version="1.0" encoding="UTF-8"?>
<testng-results skipped="0" failed="0" ignored="0" total="15" passed="15">
  <reporter-output>
  </reporter-output>
  <suite name="Siddhi-Io-Report-Test-Suite" duration-ms="7692" started-at="2018-11-05T05:02:27Z" finished-at="2018-11-05T05:02:34Z">
    <groups>
    </groups>
    <test name="Siddhi-io-report-tests" duration-ms="7692" started-at="2018-11-05T05:02:27Z" finished-at="2018-11-05T05:02:34Z">
      <class name="org.wso2.extension.siddhi.io.report.sink.TestCaseOfReportSink">
        <test-method status="PASS" signature="reportSinkTest1()[pri:0, instance:org.wso2.extension.siddhi.io.report.sink.TestCaseOfReportSink@55a609dd]" name="reportSinkTest1" duration-ms="4772" started-at="2018-11-05T10:32:27Z" finished-at="2018-11-05T10:32:31Z">
          <reporter-output>
          </reporter-output>
        </test-method> <!-- reportSinkTest1 -->
        <test-method status="PASS" signature="reportSinkTest10()[pri:0, instance:org.wso2.extension.siddhi.io.report.sink.TestCaseOfReportSink@55a609dd]" name="reportSinkTest10" duration-ms="959" started-at="2018-11-05T10:32:31Z" finished-at="2018-11-05T10:32:32Z">
          <reporter-output>
          </reporter-output>
        </test-method> <!-- reportSinkTest10 -->
        <test-method status="PASS" signature="reportSinkTest11()[pri:0, instance:org.wso2.extension.siddhi.io.report.sink.TestCaseOfReportSink@55a609dd]" name="reportSinkTest11" duration-ms="342" started-at="2018-11-05T10:32:32Z" finished-at="2018-11-05T10:32:33Z">
          <reporter-output>
          </reporter-output>
        </test-method> <!-- reportSinkTest11 -->
        <test-method status="PASS" signature="reportSinkTest12()[pri:0, instance:org.wso2.extension.siddhi.io.report.sink.TestCaseOfReportSink@55a609dd]" name="reportSinkTest12" duration-ms="222" started-at="2018-11-05T10:32:33Z" finished-at="2018-11-05T10:32:33Z">
          <reporter-output>
          </reporter-output>
        </test-method> <!-- reportSinkTest12 -->
        <test-method status="PASS" signature="reportSinkTest13()[pri:0, instance:org.wso2.extension.siddhi.io.report.sink.TestCaseOfReportSink@55a609dd]" name="reportSinkTest13" duration-ms="19" started-at="2018-11-05T10:32:33Z" finished-at="2018-11-05T10:32:33Z">
          <reporter-output>
          </reporter-output>
        </test-method> <!-- reportSinkTest13 -->
        <test-method status="PASS" signature="reportSinkTest14()[pri:0, instance:org.wso2.extension.siddhi.io.report.sink.TestCaseOfReportSink@55a609dd]" name="reportSinkTest14" duration-ms="224" started-at="2018-11-05T10:32:33Z" finished-at="2018-11-05T10:32:33Z">
          <reporter-output>
          </reporter-output>
        </test-method> <!-- reportSinkTest14 -->
        <test-method status="PASS" signature="reportSinkTest15()[pri:0, instance:org.wso2.extension.siddhi.io.report.sink.TestCaseOfReportSink@55a609dd]" name="reportSinkTest15" duration-ms="411" started-at="2018-11-05T10:32:33Z" finished-at="2018-11-05T10:32:34Z">
          <reporter-output>
          </reporter-output>
        </test-method> <!-- reportSinkTest15 -->
        <test-method status="PASS" signature="reportSinkTest2()[pri:0, instance:org.wso2.extension.siddhi.io.report.sink.TestCaseOfReportSink@55a609dd]" name="reportSinkTest2" duration-ms="186" started-at="2018-11-05T10:32:34Z" finished-at="2018-11-05T10:32:34Z">
          <reporter-output>
          </reporter-output>
        </test-method> <!-- reportSinkTest2 -->
        <test-method status="PASS" signature="reportSinkTest3()[pri:0, instance:org.wso2.extension.siddhi.io.report.sink.TestCaseOfReportSink@55a609dd]" name="reportSinkTest3" duration-ms="207" started-at="2018-11-05T10:32:34Z" finished-at="2018-11-05T10:32:34Z">
          <reporter-output>
          </reporter-output>
        </test-method> <!-- reportSinkTest3 -->
        <test-method status="PASS" signature="reportSinkTest4()[pri:0, instance:org.wso2.extension.siddhi.io.report.sink.TestCaseOfReportSink@55a609dd]" name="reportSinkTest4" duration-ms="12" started-at="2018-11-05T10:32:34Z" finished-at="2018-11-05T10:32:34Z">
          <reporter-output>
          </reporter-output>
        </test-method> <!-- reportSinkTest4 -->
        <test-method status="PASS" signature="reportSinkTest5()[pri:0, instance:org.wso2.extension.siddhi.io.report.sink.TestCaseOfReportSink@55a609dd]" name="reportSinkTest5" duration-ms="211" started-at="2018-11-05T10:32:34Z" finished-at="2018-11-05T10:32:34Z">
          <reporter-output>
          </reporter-output>
        </test-method> <!-- reportSinkTest5 -->
        <test-method status="PASS" signature="reportSinkTest6()[pri:0, instance:org.wso2.extension.siddhi.io.report.sink.TestCaseOfReportSink@55a609dd]" name="reportSinkTest6" duration-ms="14" started-at="2018-11-05T10:32:34Z" finished-at="2018-11-05T10:32:34Z">
          <reporter-output>
          </reporter-output>
        </test-method> <!-- reportSinkTest6 -->
        <test-method status="PASS" signature="reportSinkTest7()[pri:0, instance:org.wso2.extension.siddhi.io.report.sink.TestCaseOfReportSink@55a609dd]" name="reportSinkTest7" duration-ms="16" started-at="2018-11-05T10:32:34Z" finished-at="2018-11-05T10:32:34Z">
          <reporter-output>
          </reporter-output>
        </test-method> <!-- reportSinkTest7 -->
        <test-method status="PASS" signature="reportSinkTest8()[pri:0, instance:org.wso2.extension.siddhi.io.report.sink.TestCaseOfReportSink@55a609dd]" name="reportSinkTest8" duration-ms="12" started-at="2018-11-05T10:32:34Z" finished-at="2018-11-05T10:32:34Z">
          <reporter-output>
          </reporter-output>
        </test-method> <!-- reportSinkTest8 -->
        <test-method status="PASS" signature="reportSinkTest9()[pri:0, instance:org.wso2.extension.siddhi.io.report.sink.TestCaseOfReportSink@55a609dd]" name="reportSinkTest9" duration-ms="24" started-at="2018-11-05T10:32:34Z" finished-at="2018-11-05T10:32:34Z">
          <reporter-output>
          </reporter-output>
        </test-method> <!-- reportSinkTest9 -->
      </class> <!-- org.wso2.extension.siddhi.io.report.sink.TestCaseOfReportSink -->
    </test> <!-- Siddhi-io-report-tests -->
  </suite> <!-- Siddhi-Io-Report-Test-Suite -->
</testng-results>
